# JRE version: Java(TM) SE Runtime Environment (8.0_161-b12) (build 1.8.0_161-b12)
# Java VM: Java HotSpot(TM) 64-Bit Server VM (25.161-b12 mixed mode windows-amd64 compressed oops)
Heap:
 PSYoungGen      total 274944K, used 257915K [0x00000000eb200000, 0x0000000100000000, 0x0000000100000000)
  eden space 207872K, 91% used [0x00000000eb200000,0x00000000f6c611c8,0x00000000f7d00000)
  from space 67072K, 99% used [0x00000000f7d00000,0x00000000fbe7dae0,0x00000000fbe80000)
  to   space 67072K, 0% used [0x00000000fbe80000,0x00000000fbe80000,0x0000000100000000)
 ParOldGen       total 317952K, used 219641K [0x00000000c1600000, 0x00000000d4c80000, 0x00000000eb200000)
  object space 317952K, 69% used [0x00000000c1600000,0x00000000cec7e750,0x00000000d4c80000)
 Metaspace       used 9914K, capacity 10261K, committed 10368K, reserved 1058816K
  class space    used 1001K, capacity 1095K, committed 1152K, reserved 1048576K
GC Heap History (10 events):
Event: 7.498 GC heap before
{Heap before GC invocations=17 (full 3):
 PSYoungGen      total 300032K, used 267009K [0x00000000eb200000, 0x0000000100000000, 0x0000000100000000)
  eden space 258048K, 100% used [0x00000000eb200000,0x00000000fae00000,0x00000000fae00000)
  from space 41984K, 21% used [0x00000000fae00000,0x00000000fb6c0478,0x00000000fd700000)
  to   space 41984K, 0% used [0x00000000fd700000,0x00000000fd700000,0x0000000100000000)
 ParOldGen       total 218624K, used 142714K [0x00000000c1600000, 0x00000000ceb80000, 0x00000000eb200000)
  object space 218624K, 65% used [0x00000000c1600000,0x00000000ca15e9f8,0x00000000ceb80000)
 Metaspace       used 9550K, capacity 9887K, committed 10112K, reserved 1058816K
  class space    used 973K, capacity 1082K, committed 1152K, reserved 1048576K
Event: 7.530 GC heap after
Heap after GC invocations=17 (full 3):
 PSYoungGen      total 249856K, used 41967K [0x00000000eb200000, 0x0000000100000000, 0x0000000100000000)
  eden space 207872K, 0% used [0x00000000eb200000,0x00000000eb200000,0x00000000f7d00000)
  from space 41984K, 99% used [0x00000000fd700000,0x00000000ffffbd00,0x0000000100000000)
  to   space 67072K, 0% used [0x00000000f7d00000,0x00000000f7d00000,0x00000000fbe80000)
 ParOldGen       total 218624K, used 152177K [0x00000000c1600000, 0x00000000ceb80000, 0x00000000eb200000)
  object space 218624K, 69% used [0x00000000c1600000,0x00000000caa9c7c8,0x00000000ceb80000)
 Metaspace       used 9550K, capacity 9887K, committed 10112K, reserved 1058816K
  class space    used 973K, capacity 1082K, committed 1152K, reserved 1048576K
}
Event: 7.624 GC heap before
{Heap before GC invocations=18 (full 3):
 PSYoungGen      total 249856K, used 249839K [0x00000000eb200000, 0x0000000100000000, 0x0000000100000000)
  eden space 207872K, 100% used [0x00000000eb200000,0x00000000f7d00000,0x00000000f7d00000)
  from space 41984K, 99% used [0x00000000fd700000,0x00000000ffffbd00,0x0000000100000000)
  to   space 67072K, 0% used [0x00000000f7d00000,0x00000000f7d00000,0x00000000fbe80000)
 ParOldGen       total 218624K, used 152177K [0x00000000c1600000, 0x00000000ceb80000, 0x00000000eb200000)
  object space 218624K, 69% used [0x00000000c1600000,0x00000000caa9c7f8,0x00000000ceb80000)
 Metaspace       used 9550K, capacity 9887K, committed 10112K, reserved 1058816K
  class space    used 973K, capacity 1082K, committed 1152K, reserved 1048576K
Event: 7.661 GC heap after
Heap after GC invocations=18 (full 3):
 PSYoungGen      total 274944K, used 36292K [0x00000000eb200000, 0x0000000100000000, 0x0000000100000000)
  eden space 207872K, 0% used [0x00000000eb200000,0x00000000eb200000,0x00000000f7d00000)
  from space 67072K, 54% used [0x00000000f7d00000,0x00000000fa071108,0x00000000fbe80000)
  to   space 67072K, 0% used [0x00000000fbe80000,0x00000000fbe80000,0x0000000100000000)
 ParOldGen       total 218624K, used 190688K [0x00000000c1600000, 0x00000000ceb80000, 0x00000000eb200000)
  object space 218624K, 87% used [0x00000000c1600000,0x00000000cd038000,0x00000000ceb80000)
 Metaspace       used 9550K, capacity 9887K, committed 10112K, reserved 1058816K
  class space    used 973K, capacity 1082K, committed 1152K, reserved 1048576K
}
Event: 7.661 GC heap before
{Heap before GC invocations=19 (full 4):
 PSYoungGen      total 274944K, used 36292K [0x00000000eb200000, 0x0000000100000000, 0x0000000100000000)
  eden space 207872K, 0% used [0x00000000eb200000,0x00000000eb200000,0x00000000f7d00000)
  from space 67072K, 54% used [0x00000000f7d00000,0x00000000fa071108,0x00000000fbe80000)
  to   space 67072K, 0% used [0x00000000fbe80000,0x00000000fbe80000,0x0000000100000000)
 ParOldGen       total 218624K, used 190688K [0x00000000c1600000, 0x00000000ceb80000, 0x00000000eb200000)
  object space 218624K, 87% used [0x00000000c1600000,0x00000000cd038000,0x00000000ceb80000)
 Metaspace       used 9550K, capacity 9887K, committed 10112K, reserved 1058816K
  class space    used 973K, capacity 1082K, committed 1152K, reserved 1048576K
Event: 7.767 GC heap after
Heap after GC invocations=19 (full 4):
 PSYoungGen      total 274944K, used 2957K [0x00000000eb200000, 0x0000000100000000, 0x0000000100000000)
  eden space 207872K, 0% used [0x00000000eb200000,0x00000000eb200000,0x00000000f7d00000)
  from space 67072K, 4% used [0x00000000f7d00000,0x00000000f7fe3690,0x00000000fbe80000)
  to   space 67072K, 0% used [0x00000000fbe80000,0x00000000fbe80000,0x0000000100000000)
 ParOldGen       total 317952K, used 218477K [0x00000000c1600000, 0x00000000d4c80000, 0x00000000eb200000)
  object space 317952K, 68% used [0x00000000c1600000,0x00000000ceb5b5f0,0x00000000d4c80000)
 Metaspace       used 9550K, capacity 9887K, committed 10112K, reserved 1058816K
  class space    used 973K, capacity 1082K, committed 1152K, reserved 1048576K
}
Event: 7.915 GC heap before
{Heap before GC invocations=20 (full 4):
 PSYoungGen      total 274944K, used 210829K [0x00000000eb200000, 0x0000000100000000, 0x0000000100000000)
  eden space 207872K, 100% used [0x00000000eb200000,0x00000000f7d00000,0x00000000f7d00000)
  from space 67072K, 4% used [0x00000000f7d00000,0x00000000f7fe3690,0x00000000fbe80000)
  to   space 67072K, 0% used [0x00000000fbe80000,0x00000000fbe80000,0x0000000100000000)
 ParOldGen       total 317952K, used 218478K [0x00000000c1600000, 0x00000000d4c80000, 0x00000000eb200000)
  object space 317952K, 68% used [0x00000000c1600000,0x00000000ceb5bbd8,0x00000000d4c80000)
 Metaspace       used 9550K, capacity 9887K, committed 10112K, reserved 1058816K
  class space    used 973K, capacity 1082K, committed 1152K, reserved 1048576K
Event: 7.933 GC heap after
Heap after GC invocations=20 (full 4):
 PSYoungGen      total 274944K, used 36327K [0x00000000eb200000, 0x0000000100000000, 0x0000000100000000)
  eden space 207872K, 0% used [0x00000000eb200000,0x00000000eb200000,0x00000000f7d00000)
  from space 67072K, 54% used [0x00000000fbe80000,0x00000000fe1f9d80,0x0000000100000000)
  to   space 67072K, 0% used [0x00000000f7d00000,0x00000000f7d00000,0x00000000fbe80000)
 ParOldGen       total 317952K, used 218478K [0x00000000c1600000, 0x00000000d4c80000, 0x00000000eb200000)
  object space 317952K, 68% used [0x00000000c1600000,0x00000000ceb5bbd8,0x00000000d4c80000)
 Metaspace       used 9550K, capacity 9887K, committed 10112K, reserved 1058816K
  class space    used 973K, capacity 1082K, committed 1152K, reserved 1048576K
}
Event: 8.075 GC heap before
{Heap before GC invocations=21 (full 4):
 PSYoungGen      total 274944K, used 244199K [0x00000000eb200000, 0x0000000100000000, 0x0000000100000000)
  eden space 207872K, 100% used [0x00000000eb200000,0x00000000f7d00000,0x00000000f7d00000)
  from space 67072K, 54% used [0x00000000fbe80000,0x00000000fe1f9d80,0x0000000100000000)
  to   space 67072K, 0% used [0x00000000f7d00000,0x00000000f7d00000,0x00000000fbe80000)
 ParOldGen       total 317952K, used 218478K [0x00000000c1600000, 0x00000000d4c80000, 0x00000000eb200000)
  object space 317952K, 68% used [0x00000000c1600000,0x00000000ceb5bbd8,0x00000000d4c80000)
 Metaspace       used 9566K, capacity 9887K, committed 10112K, reserved 1058816K
  class space    used 976K, capacity 1082K, committed 1152K, reserved 1048576K
Event: 8.103 GC heap after
Heap after GC invocations=21 (full 4):
 PSYoungGen      total 274944K, used 67062K [0x00000000eb200000, 0x0000000100000000, 0x0000000100000000)
  eden space 207872K, 0% used [0x00000000eb200000,0x00000000eb200000,0x00000000f7d00000)
  from space 67072K, 99% used [0x00000000f7d00000,0x00000000fbe7dae0,0x00000000fbe80000)
  to   space 67072K, 0% used [0x00000000fbe80000,0x00000000fbe80000,0x0000000100000000)
 ParOldGen       total 317952K, used 219641K [0x00000000c1600000, 0x00000000d4c80000, 0x00000000eb200000)
  object space 317952K, 69% used [0x00000000c1600000,0x00000000cec7e750,0x00000000d4c80000)
 Metaspace       used 9566K, capacity 9887K, committed 10112K, reserved 1058816K
  class space    used 976K, capacity 1082K, committed 1152K, reserved 1048576K
}

