# JRE version: Java(TM) SE Runtime Environment (8.0_161-b12) (build 1.8.0_161-b12)
# Java VM: Java HotSpot(TM) 64-Bit Server VM (25.161-b12 mixed mode windows-amd64 compressed oops)
Heap:
 PSYoungGen      total 330752K, used 86278K [0x00000000eb200000, 0x00000000ffb00000, 0x0000000100000000)
  eden space 326656K, 26% used [0x00000000eb200000,0x00000000f0517358,0x00000000ff100000)
  from space 4096K, 29% used [0x00000000ff100000,0x00000000ff22a558,0x00000000ff500000)
  to   space 4096K, 0% used [0x00000000ff700000,0x00000000ff700000,0x00000000ffb00000)
 ParOldGen       total 308224K, used 267825K [0x00000000c1600000, 0x00000000d4300000, 0x00000000eb200000)
  object space 308224K, 86% used [0x00000000c1600000,0x00000000d1b8c628,0x00000000d4300000)
 Metaspace       used 9784K, capacity 10063K, committed 10368K, reserved 1058816K
  class space    used 1005K, capacity 1094K, committed 1152K, reserved 1048576K
GC Heap History (10 events):
Event: 97.893 GC heap before
{Heap before GC invocations=98 (full 5):
 PSYoungGen      total 328704K, used 324320K [0x00000000eb200000, 0x00000000ff880000, 0x0000000100000000)
  eden space 324096K, 100% used [0x00000000eb200000,0x00000000fee80000,0x00000000fee80000)
  from space 4608K, 4% used [0x00000000ff400000,0x00000000ff438000,0x00000000ff880000)
  to   space 5120K, 0% used [0x00000000fee80000,0x00000000fee80000,0x00000000ff380000)
 ParOldGen       total 308224K, used 267745K [0x00000000c1600000, 0x00000000d4300000, 0x00000000eb200000)
  object space 308224K, 86% used [0x00000000c1600000,0x00000000d1b78628,0x00000000d4300000)
 Metaspace       used 9784K, capacity 10063K, committed 10368K, reserved 1058816K
  class space    used 1005K, capacity 1094K, committed 1152K, reserved 1048576K
Event: 97.894 GC heap after
Heap after GC invocations=98 (full 5):
 PSYoungGen      total 329216K, used 749K [0x00000000eb200000, 0x00000000ffa00000, 0x0000000100000000)
  eden space 324096K, 0% used [0x00000000eb200000,0x00000000eb200000,0x00000000fee80000)
  from space 5120K, 14% used [0x00000000fee80000,0x00000000fef3b750,0x00000000ff380000)
  to   space 5120K, 0% used [0x00000000ff500000,0x00000000ff500000,0x00000000ffa00000)
 ParOldGen       total 308224K, used 267745K [0x00000000c1600000, 0x00000000d4300000, 0x00000000eb200000)
  object space 308224K, 86% used [0x00000000c1600000,0x00000000d1b78628,0x00000000d4300000)
 Metaspace       used 9784K, capacity 10063K, committed 10368K, reserved 1058816K
  class space    used 1005K, capacity 1094K, committed 1152K, reserved 1048576K
}
Event: 99.873 GC heap before
{Heap before GC invocations=99 (full 5):
 PSYoungGen      total 329216K, used 324845K [0x00000000eb200000, 0x00000000ffa00000, 0x0000000100000000)
  eden space 324096K, 100% used [0x00000000eb200000,0x00000000fee80000,0x00000000fee80000)
  from space 5120K, 14% used [0x00000000fee80000,0x00000000fef3b750,0x00000000ff380000)
  to   space 5120K, 0% used [0x00000000ff500000,0x00000000ff500000,0x00000000ffa00000)
 ParOldGen       total 308224K, used 267745K [0x00000000c1600000, 0x00000000d4300000, 0x00000000eb200000)
  object space 308224K, 86% used [0x00000000c1600000,0x00000000d1b78628,0x00000000d4300000)
 Metaspace       used 9784K, capacity 10063K, committed 10368K, reserved 1058816K
  class space    used 1005K, capacity 1094K, committed 1152K, reserved 1048576K
Event: 99.875 GC heap after
Heap after GC invocations=99 (full 5):
 PSYoungGen      total 328704K, used 324K [0x00000000eb200000, 0x00000000ff880000, 0x0000000100000000)
  eden space 325120K, 0% used [0x00000000eb200000,0x00000000eb200000,0x00000000fef80000)
  from space 3584K, 9% used [0x00000000ff500000,0x00000000ff551278,0x00000000ff880000)
  to   space 4608K, 0% used [0x00000000fef80000,0x00000000fef80000,0x00000000ff400000)
 ParOldGen       total 308224K, used 267745K [0x00000000c1600000, 0x00000000d4300000, 0x00000000eb200000)
  object space 308224K, 86% used [0x00000000c1600000,0x00000000d1b78628,0x00000000d4300000)
 Metaspace       used 9784K, capacity 10063K, committed 10368K, reserved 1058816K
  class space    used 1005K, capacity 1094K, committed 1152K, reserved 1048576K
}
Event: 101.602 GC heap before
{Heap before GC invocations=100 (full 5):
 PSYoungGen      total 328704K, used 325444K [0x00000000eb200000, 0x00000000ff880000, 0x0000000100000000)
  eden space 325120K, 100% used [0x00000000eb200000,0x00000000fef80000,0x00000000fef80000)
  from space 3584K, 9% used [0x00000000ff500000,0x00000000ff551278,0x00000000ff880000)
  to   space 4608K, 0% used [0x00000000fef80000,0x00000000fef80000,0x00000000ff400000)
 ParOldGen       total 308224K, used 267745K [0x00000000c1600000, 0x00000000d4300000, 0x00000000eb200000)
  object space 308224K, 86% used [0x00000000c1600000,0x00000000d1b78628,0x00000000d4300000)
 Metaspace       used 9784K, capacity 10063K, committed 10368K, reserved 1058816K
  class space    used 1005K, capacity 1094K, committed 1152K, reserved 1048576K
Event: 101.605 GC heap after
Heap after GC invocations=100 (full 5):
 PSYoungGen      total 329728K, used 1129K [0x00000000eb200000, 0x00000000ffa00000, 0x0000000100000000)
  eden space 325120K, 0% used [0x00000000eb200000,0x00000000eb200000,0x00000000fef80000)
  from space 4608K, 24% used [0x00000000fef80000,0x00000000ff09a558,0x00000000ff400000)
  to   space 4608K, 0% used [0x00000000ff580000,0x00000000ff580000,0x00000000ffa00000)
 ParOldGen       total 308224K, used 267745K [0x00000000c1600000, 0x00000000d4300000, 0x00000000eb200000)
  object space 308224K, 86% used [0x00000000c1600000,0x00000000d1b78628,0x00000000d4300000)
 Metaspace       used 9784K, capacity 10063K, committed 10368K, reserved 1058816K
  class space    used 1005K, capacity 1094K, committed 1152K, reserved 1048576K
}
Event: 102.952 GC heap before
{Heap before GC invocations=101 (full 5):
 PSYoungGen      total 329728K, used 326249K [0x00000000eb200000, 0x00000000ffa00000, 0x0000000100000000)
  eden space 325120K, 100% used [0x00000000eb200000,0x00000000fef80000,0x00000000fef80000)
  from space 4608K, 24% used [0x00000000fef80000,0x00000000ff09a558,0x00000000ff400000)
  to   space 4608K, 0% used [0x00000000ff580000,0x00000000ff580000,0x00000000ffa00000)
 ParOldGen       total 308224K, used 267745K [0x00000000c1600000, 0x00000000d4300000, 0x00000000eb200000)
  object space 308224K, 86% used [0x00000000c1600000,0x00000000d1b78628,0x00000000d4300000)
 Metaspace       used 9784K, capacity 10063K, committed 10368K, reserved 1058816K
  class space    used 1005K, capacity 1094K, committed 1152K, reserved 1048576K
Event: 102.955 GC heap after
Heap after GC invocations=101 (full 5):
 PSYoungGen      total 330240K, used 1129K [0x00000000eb200000, 0x00000000ff900000, 0x0000000100000000)
  eden space 326656K, 0% used [0x00000000eb200000,0x00000000eb200000,0x00000000ff100000)
  from space 3584K, 31% used [0x00000000ff580000,0x00000000ff69a558,0x00000000ff900000)
  to   space 4096K, 0% used [0x00000000ff100000,0x00000000ff100000,0x00000000ff500000)
 ParOldGen       total 308224K, used 267785K [0x00000000c1600000, 0x00000000d4300000, 0x00000000eb200000)
  object space 308224K, 86% used [0x00000000c1600000,0x00000000d1b82628,0x00000000d4300000)
 Metaspace       used 9784K, capacity 10063K, committed 10368K, reserved 1058816K
  class space    used 1005K, capacity 1094K, committed 1152K, reserved 1048576K
}
Event: 104.300 GC heap before
{Heap before GC invocations=102 (full 5):
 PSYoungGen      total 330240K, used 327785K [0x00000000eb200000, 0x00000000ff900000, 0x0000000100000000)
  eden space 326656K, 100% used [0x00000000eb200000,0x00000000ff100000,0x00000000ff100000)
  from space 3584K, 31% used [0x00000000ff580000,0x00000000ff69a558,0x00000000ff900000)
  to   space 4096K, 0% used [0x00000000ff100000,0x00000000ff100000,0x00000000ff500000)
 ParOldGen       total 308224K, used 267785K [0x00000000c1600000, 0x00000000d4300000, 0x00000000eb200000)
  object space 308224K, 86% used [0x00000000c1600000,0x00000000d1b82628,0x00000000d4300000)
 Metaspace       used 9784K, capacity 10063K, committed 10368K, reserved 1058816K
  class space    used 1005K, capacity 1094K, committed 1152K, reserved 1048576K
Event: 104.304 GC heap after
Heap after GC invocations=102 (full 5):
 PSYoungGen      total 330752K, used 1193K [0x00000000eb200000, 0x00000000ffb00000, 0x0000000100000000)
  eden space 326656K, 0% used [0x00000000eb200000,0x00000000eb200000,0x00000000ff100000)
  from space 4096K, 29% used [0x00000000ff100000,0x00000000ff22a558,0x00000000ff500000)
  to   space 4096K, 0% used [0x00000000ff700000,0x00000000ff700000,0x00000000ffb00000)
 ParOldGen       total 308224K, used 267825K [0x00000000c1600000, 0x00000000d4300000, 0x00000000eb200000)
  object space 308224K, 86% used [0x00000000c1600000,0x00000000d1b8c628,0x00000000d4300000)
 Metaspace       used 9784K, capacity 10063K, committed 10368K, reserved 1058816K
  class space    used 1005K, capacity 1094K, committed 1152K, reserved 1048576K
}

