# JRE version: Java(TM) SE Runtime Environment (8.0_161-b12) (build 1.8.0_161-b12)
# Java VM: Java HotSpot(TM) 64-Bit Server VM (25.161-b12 mixed mode windows-amd64 compressed oops)
Heap:
 PSYoungGen      total 323584K, used 228766K [0x00000000eb200000, 0x0000000100000000, 0x0000000100000000)
  eden space 306176K, 72% used [0x00000000eb200000,0x00000000f8a96a00,0x00000000fdd00000)
  from space 17408K, 40% used [0x00000000fdd00000,0x00000000fe3d10a8,0x00000000fee00000)
  to   space 17920K, 0% used [0x00000000fee80000,0x00000000fee80000,0x0000000100000000)
 ParOldGen       total 326656K, used 308532K [0x00000000c1600000, 0x00000000d5500000, 0x00000000eb200000)
  object space 326656K, 94% used [0x00000000c1600000,0x00000000d434d128,0x00000000d5500000)
 Metaspace       used 9787K, capacity 10075K, committed 10368K, reserved 1058816K
  class space    used 1005K, capacity 1094K, committed 1152K, reserved 1048576K
GC Heap History (10 events):
Event: 56.486 GC heap before
{Heap before GC invocations=68 (full 5):
 PSYoungGen      total 322048K, used 314372K [0x00000000eb200000, 0x00000000ffe80000, 0x0000000100000000)
  eden space 303104K, 100% used [0x00000000eb200000,0x00000000fda00000,0x00000000fda00000)
  from space 18944K, 59% used [0x00000000fec00000,0x00000000ff701190,0x00000000ffe80000)
  to   space 18432K, 0% used [0x00000000fda00000,0x00000000fda00000,0x00000000fec00000)
 ParOldGen       total 326656K, used 304120K [0x00000000c1600000, 0x00000000d5500000, 0x00000000eb200000)
  object space 326656K, 93% used [0x00000000c1600000,0x00000000d3efe288,0x00000000d5500000)
 Metaspace       used 9787K, capacity 10075K, committed 10368K, reserved 1058816K
  class space    used 1005K, capacity 1094K, committed 1152K, reserved 1048576K
Event: 56.498 GC heap after
Heap after GC invocations=68 (full 5):
 PSYoungGen      total 321536K, used 10665K [0x00000000eb200000, 0x00000000ffe80000, 0x0000000100000000)
  eden space 303104K, 0% used [0x00000000eb200000,0x00000000eb200000,0x00000000fda00000)
  from space 18432K, 57% used [0x00000000fda00000,0x00000000fe46a570,0x00000000fec00000)
  to   space 17920K, 0% used [0x00000000fed00000,0x00000000fed00000,0x00000000ffe80000)
 ParOldGen       total 326656K, used 304751K [0x00000000c1600000, 0x00000000d5500000, 0x00000000eb200000)
  object space 326656K, 93% used [0x00000000c1600000,0x00000000d3f9bc70,0x00000000d5500000)
 Metaspace       used 9787K, capacity 10075K, committed 10368K, reserved 1058816K
  class space    used 1005K, capacity 1094K, committed 1152K, reserved 1048576K
}
Event: 58.570 GC heap before
{Heap before GC invocations=69 (full 5):
 PSYoungGen      total 321536K, used 313769K [0x00000000eb200000, 0x00000000ffe80000, 0x0000000100000000)
  eden space 303104K, 100% used [0x00000000eb200000,0x00000000fda00000,0x00000000fda00000)
  from space 18432K, 57% used [0x00000000fda00000,0x00000000fe46a570,0x00000000fec00000)
  to   space 17920K, 0% used [0x00000000fed00000,0x00000000fed00000,0x00000000ffe80000)
 ParOldGen       total 326656K, used 304751K [0x00000000c1600000, 0x00000000d5500000, 0x00000000eb200000)
  object space 326656K, 93% used [0x00000000c1600000,0x00000000d3f9bc70,0x00000000d5500000)
 Metaspace       used 9787K, capacity 10075K, committed 10368K, reserved 1058816K
  class space    used 1005K, capacity 1094K, committed 1152K, reserved 1048576K
Event: 58.577 GC heap after
Heap after GC invocations=69 (full 5):
 PSYoungGen      total 322560K, used 10048K [0x00000000eb200000, 0x00000000fff80000, 0x0000000100000000)
  eden space 304640K, 0% used [0x00000000eb200000,0x00000000eb200000,0x00000000fdb80000)
  from space 17920K, 56% used [0x00000000fed00000,0x00000000ff6d02d0,0x00000000ffe80000)
  to   space 17920K, 0% used [0x00000000fdb80000,0x00000000fdb80000,0x00000000fed00000)
 ParOldGen       total 326656K, used 305376K [0x00000000c1600000, 0x00000000d5500000, 0x00000000eb200000)
  object space 326656K, 93% used [0x00000000c1600000,0x00000000d40381e8,0x00000000d5500000)
 Metaspace       used 9787K, capacity 10075K, committed 10368K, reserved 1058816K
  class space    used 1005K, capacity 1094K, committed 1152K, reserved 1048576K
}
Event: 60.667 GC heap before
{Heap before GC invocations=70 (full 5):
 PSYoungGen      total 322560K, used 314688K [0x00000000eb200000, 0x00000000fff80000, 0x0000000100000000)
  eden space 304640K, 100% used [0x00000000eb200000,0x00000000fdb80000,0x00000000fdb80000)
  from space 17920K, 56% used [0x00000000fed00000,0x00000000ff6d02d0,0x00000000ffe80000)
  to   space 17920K, 0% used [0x00000000fdb80000,0x00000000fdb80000,0x00000000fed00000)
 ParOldGen       total 326656K, used 305376K [0x00000000c1600000, 0x00000000d5500000, 0x00000000eb200000)
  object space 326656K, 93% used [0x00000000c1600000,0x00000000d40381e8,0x00000000d5500000)
 Metaspace       used 9787K, capacity 10075K, committed 10368K, reserved 1058816K
  class space    used 1005K, capacity 1094K, committed 1152K, reserved 1048576K
Event: 60.675 GC heap after
Heap after GC invocations=70 (full 5):
 PSYoungGen      total 322560K, used 9411K [0x00000000eb200000, 0x00000000fff00000, 0x0000000100000000)
  eden space 304640K, 0% used [0x00000000eb200000,0x00000000eb200000,0x00000000fdb80000)
  from space 17920K, 52% used [0x00000000fdb80000,0x00000000fe4b0f68,0x00000000fed00000)
  to   space 17408K, 0% used [0x00000000fee00000,0x00000000fee00000,0x00000000fff00000)
 ParOldGen       total 326656K, used 306137K [0x00000000c1600000, 0x00000000d5500000, 0x00000000eb200000)
  object space 326656K, 93% used [0x00000000c1600000,0x00000000d40f67f8,0x00000000d5500000)
 Metaspace       used 9787K, capacity 10075K, committed 10368K, reserved 1058816K
  class space    used 1005K, capacity 1094K, committed 1152K, reserved 1048576K
}
Event: 62.765 GC heap before
{Heap before GC invocations=71 (full 5):
 PSYoungGen      total 322560K, used 314051K [0x00000000eb200000, 0x00000000fff00000, 0x0000000100000000)
  eden space 304640K, 100% used [0x00000000eb200000,0x00000000fdb80000,0x00000000fdb80000)
  from space 17920K, 52% used [0x00000000fdb80000,0x00000000fe4b0f68,0x00000000fed00000)
  to   space 17408K, 0% used [0x00000000fee00000,0x00000000fee00000,0x00000000fff00000)
 ParOldGen       total 326656K, used 306137K [0x00000000c1600000, 0x00000000d5500000, 0x00000000eb200000)
  object space 326656K, 93% used [0x00000000c1600000,0x00000000d40f67f8,0x00000000d5500000)
 Metaspace       used 9787K, capacity 10075K, committed 10368K, reserved 1058816K
  class space    used 1005K, capacity 1094K, committed 1152K, reserved 1048576K
Event: 62.773 GC heap after
Heap after GC invocations=71 (full 5):
 PSYoungGen      total 323584K, used 8178K [0x00000000eb200000, 0x00000000fff80000, 0x0000000100000000)
  eden space 306176K, 0% used [0x00000000eb200000,0x00000000eb200000,0x00000000fdd00000)
  from space 17408K, 46% used [0x00000000fee00000,0x00000000ff5fcb20,0x00000000fff00000)
  to   space 17408K, 0% used [0x00000000fdd00000,0x00000000fdd00000,0x00000000fee00000)
 ParOldGen       total 326656K, used 307286K [0x00000000c1600000, 0x00000000d5500000, 0x00000000eb200000)
  object space 326656K, 94% used [0x00000000c1600000,0x00000000d42158e0,0x00000000d5500000)
 Metaspace       used 9787K, capacity 10075K, committed 10368K, reserved 1058816K
  class space    used 1005K, capacity 1094K, committed 1152K, reserved 1048576K
}
Event: 64.850 GC heap before
{Heap before GC invocations=72 (full 5):
 PSYoungGen      total 323584K, used 314354K [0x00000000eb200000, 0x00000000fff80000, 0x0000000100000000)
  eden space 306176K, 100% used [0x00000000eb200000,0x00000000fdd00000,0x00000000fdd00000)
  from space 17408K, 46% used [0x00000000fee00000,0x00000000ff5fcb20,0x00000000fff00000)
  to   space 17408K, 0% used [0x00000000fdd00000,0x00000000fdd00000,0x00000000fee00000)
 ParOldGen       total 326656K, used 307286K [0x00000000c1600000, 0x00000000d5500000, 0x00000000eb200000)
  object space 326656K, 94% used [0x00000000c1600000,0x00000000d42158e0,0x00000000d5500000)
 Metaspace       used 9787K, capacity 10075K, committed 10368K, reserved 1058816K
  class space    used 1005K, capacity 1094K, committed 1152K, reserved 1048576K
Event: 64.858 GC heap after
Heap after GC invocations=72 (full 5):
 PSYoungGen      total 323584K, used 6980K [0x00000000eb200000, 0x0000000100000000, 0x0000000100000000)
  eden space 306176K, 0% used [0x00000000eb200000,0x00000000eb200000,0x00000000fdd00000)
  from space 17408K, 40% used [0x00000000fdd00000,0x00000000fe3d10a8,0x00000000fee00000)
  to   space 17920K, 0% used [0x00000000fee80000,0x00000000fee80000,0x0000000100000000)
 ParOldGen       total 326656K, used 308532K [0x00000000c1600000, 0x00000000d5500000, 0x00000000eb200000)
  object space 326656K, 94% used [0x00000000c1600000,0x00000000d434d128,0x00000000d5500000)
 Metaspace       used 9787K, capacity 10075K, committed 10368K, reserved 1058816K
  class space    used 1005K, capacity 1094K, committed 1152K, reserved 1048576K
}

